[2025/03/20 21:19:41.479] - Starting server with initial configuration: {"gasLimit":6721975,"gasPrice":2,"hardfork":"merge","hostname":"127.0.0.1","port":7545,"network_id":5777,"default_balance_ether":100,"total_accounts":10,"unlocked_accounts":[],"locked":false,"vmErrorsOnRPCResponse":true,"verbose":false,"flavor":"ethereum","db_path":"/Users/anurajmaurya/Library/Application Support/Ganache/ui/workspaces/pleadai/chaindata","mnemonic":"record melody reopen once safe clock spider sugar know stumble accident ozone","logDirectory":"/Users/anurajmaurya/Desktop/Cursor Project/backend/contracts"}
[2025/03/20 21:19:41.688] - eth_blockNumber
[2025/03/20 21:19:41.689] - eth_accounts
[2025/03/20 21:19:41.689] - eth_gasPrice
[2025/03/20 21:19:41.692] - eth_getBlockByNumber
[2025/03/20 21:19:41.692] - eth_subscribe
[2025/03/20 21:19:41.697] - eth_blockNumber
[2025/03/20 21:19:41.697] - eth_accounts
[2025/03/20 21:19:41.697] - eth_gasPrice
[2025/03/20 21:19:41.697] - eth_getBlockByNumber
[2025/03/20 21:19:41.697] - eth_subscribe
[2025/03/20 21:19:41.698] - eth_accounts
[2025/03/20 21:19:41.708] - eth_getBalance
[2025/03/20 21:19:41.709] - eth_getTransactionCount
[2025/03/20 21:19:41.710] - eth_getBalance
[2025/03/20 21:19:41.712] - eth_getTransactionCount
[2025/03/20 21:19:41.713] - eth_getBalance
[2025/03/20 21:19:41.714] - eth_getTransactionCount
[2025/03/20 21:19:41.714] - eth_getBalance
[2025/03/20 21:19:41.715] - eth_getTransactionCount
[2025/03/20 21:19:41.717] - eth_getBalance
[2025/03/20 21:19:41.718] - eth_getTransactionCount
[2025/03/20 21:19:41.719] - eth_getBalance
[2025/03/20 21:19:41.721] - eth_getTransactionCount
[2025/03/20 21:19:41.722] - eth_getBalance
[2025/03/20 21:19:41.724] - eth_getTransactionCount
[2025/03/20 21:19:41.727] - eth_getBalance
[2025/03/20 21:19:41.728] - eth_getTransactionCount
[2025/03/20 21:19:41.728] - eth_getBalance
[2025/03/20 21:19:41.730] - eth_getTransactionCount
[2025/03/20 21:19:41.731] - eth_getBalance
[2025/03/20 21:19:41.732] - eth_getTransactionCount
[2025/03/20 21:19:41.765] - eth_getBalance
[2025/03/20 21:19:41.766] - eth_getTransactionCount
[2025/03/20 21:19:41.767] - eth_getBalance
[2025/03/20 21:19:41.768] - eth_getTransactionCount
[2025/03/20 21:19:41.770] - eth_getBalance
[2025/03/20 21:19:41.771] - eth_getTransactionCount
[2025/03/20 21:19:41.773] - eth_getBalance
[2025/03/20 21:19:41.774] - eth_getTransactionCount
[2025/03/20 21:19:41.775] - eth_getBalance
[2025/03/20 21:19:41.776] - eth_getTransactionCount
[2025/03/20 21:19:41.778] - eth_getBalance
[2025/03/20 21:19:41.780] - eth_getTransactionCount
[2025/03/20 21:19:41.782] - eth_getBalance
[2025/03/20 21:19:41.783] - eth_getTransactionCount
[2025/03/20 21:19:41.785] - eth_getBalance
[2025/03/20 21:19:41.786] - eth_getTransactionCount
[2025/03/20 21:19:41.788] - eth_getBalance
[2025/03/20 21:19:41.789] - eth_getTransactionCount
[2025/03/20 21:19:41.794] - eth_getBalance
[2025/03/20 21:19:41.798] - eth_getTransactionCount
[2025/03/20 21:19:41.801] - eth_getBalance
[2025/03/20 21:19:41.802] - eth_getTransactionCount
[2025/03/20 21:19:41.803] - eth_getBalance
[2025/03/20 21:19:41.804] - eth_getTransactionCount
[2025/03/20 21:19:41.806] - eth_getBalance
[2025/03/20 21:19:41.807] - eth_getTransactionCount
[2025/03/20 21:19:41.808] - eth_getBalance
[2025/03/20 21:19:41.809] - eth_getTransactionCount
[2025/03/20 21:19:41.809] - eth_getBalance
[2025/03/20 21:19:41.810] - eth_getTransactionCount
[2025/03/20 21:19:41.812] - eth_getBalance
[2025/03/20 21:19:41.815] - eth_getTransactionCount
[2025/03/20 21:19:41.815] - eth_getBalance
[2025/03/20 21:19:41.815] - eth_getTransactionCount
[2025/03/20 21:19:41.815] - eth_getBalance
[2025/03/20 21:19:41.816] - eth_getTransactionCount
[2025/03/20 21:19:41.817] - eth_getBalance
[2025/03/20 21:19:41.818] - eth_getTransactionCount
[2025/03/20 21:19:41.819] - eth_getBalance
[2025/03/20 21:19:41.820] - eth_getTransactionCount
[2025/03/20 21:19:41.833] - eth_getBalance
[2025/03/20 21:19:41.835] - eth_getTransactionCount
[2025/03/20 21:19:41.836] - eth_getBalance
[2025/03/20 21:19:41.837] - eth_getTransactionCount
[2025/03/20 21:19:41.838] - eth_getBalance
[2025/03/20 21:19:41.839] - eth_getTransactionCount
[2025/03/20 21:19:41.842] - eth_getBalance
[2025/03/20 21:19:41.845] - eth_getTransactionCount
[2025/03/20 21:19:41.847] - eth_getBalance
[2025/03/20 21:19:41.848] - eth_getTransactionCount
[2025/03/20 21:19:41.849] - eth_getBalance
[2025/03/20 21:19:41.850] - eth_getTransactionCount
[2025/03/20 21:19:41.850] - eth_getBalance
[2025/03/20 21:19:41.851] - eth_getTransactionCount
[2025/03/20 21:19:41.853] - eth_getBalance
[2025/03/20 21:19:41.853] - eth_getTransactionCount
[2025/03/20 21:19:41.854] - eth_getBalance
[2025/03/20 21:19:41.855] - eth_getTransactionCount
[2025/03/20 21:19:41.856] - eth_getBalance
[2025/03/20 21:19:41.858] - eth_getTransactionCount
[2025/03/20 21:19:42.152] - eth_subscribe
[2025/03/20 21:19:42.152] - eth_getLogs
[2025/03/20 21:19:42.153] - eth_subscribe
[2025/03/20 21:19:42.163] - eth_subscribe
[2025/03/20 21:19:42.163] - eth_getLogs
[2025/03/20 21:19:42.163] - eth_subscribe
[2025/03/20 21:19:46.335] - eth_getBlockByNumber
[2025/03/20 21:19:46.350] - eth_getTransactionReceipt
[2025/03/20 21:19:46.357] - eth_getBlockByNumber
[2025/03/20 21:19:46.361] - eth_getTransactionReceipt
[2025/03/20 21:19:46.364] - eth_getBlockByNumber
[2025/03/20 21:19:46.368] - eth_getTransactionReceipt
[2025/03/20 21:19:46.374] - eth_getBlockByNumber
[2025/03/20 22:14:07.964] - eth_accounts
[2025/03/20 22:14:07.989] - eth_getTransactionCount
[2025/03/20 22:14:27.755] - eth_sendRawTransaction
[2025/03/20 22:16:51.726] - eth_accounts
[2025/03/20 22:16:51.739] - eth_getTransactionCount
[2025/03/20 22:17:05.498] - eth_sendRawTransaction
[2025/03/20 22:17:05.616] - 
  Transaction: 0xda7cb26397943b65ada150d264cf89f6b9530690b808ecd43b1c9db72ba4cff2
  Gas usage: 23112
  Block number: 4
  Block time: Thu Mar 20 2025 22:17:05 GMT+0530 (India Standard Time)

[2025/03/20 22:17:05.647] - eth_getBlockByNumber
[2025/03/20 22:17:05.677] - eth_getBalance
[2025/03/20 22:17:05.679] - eth_getTransactionCount
[2025/03/20 22:17:05.683] - eth_getBalance
[2025/03/20 22:17:05.690] - eth_getTransactionCount
[2025/03/20 22:17:05.698] - eth_getBalance
[2025/03/20 22:17:05.704] - eth_getTransactionCount
[2025/03/20 22:17:05.708] - eth_getBalance
[2025/03/20 22:17:05.708] - eth_getTransactionCount
[2025/03/20 22:17:05.710] - eth_getBalance
[2025/03/20 22:17:05.711] - eth_getTransactionCount
[2025/03/20 22:17:05.712] - eth_getBalance
[2025/03/20 22:17:05.714] - eth_getTransactionCount
[2025/03/20 22:17:05.716] - eth_getBalance
[2025/03/20 22:17:05.717] - eth_getTransactionCount
[2025/03/20 22:17:05.719] - eth_getBalance
[2025/03/20 22:17:05.723] - eth_getTransactionCount
[2025/03/20 22:17:05.724] - eth_getBalance
[2025/03/20 22:17:05.726] - eth_getTransactionCount
[2025/03/20 22:17:05.728] - eth_getBalance
[2025/03/20 22:17:05.730] - eth_getTransactionCount
[2025/03/20 22:17:13.848] - eth_getBlockByNumber
[2025/03/20 22:17:13.880] - eth_getTransactionReceipt
[2025/03/20 22:17:13.885] - eth_getTransactionReceipt
[2025/03/20 22:17:13.888] - eth_getTransactionReceipt
[2025/03/20 22:17:13.892] - eth_getTransactionReceipt
[2025/03/20 22:17:15.901] - eth_getTransactionByHash
[2025/03/20 22:17:57.748] - eth_accounts
[2025/03/20 22:17:57.757] - eth_getTransactionCount
[2025/03/20 22:18:05.510] - eth_sendRawTransaction
[2025/03/20 22:21:07.430] - eth_accounts
[2025/03/20 22:21:07.445] - eth_getTransactionCount
[2025/03/20 22:21:28.955] - eth_accounts
[2025/03/20 22:21:28.962] - eth_getTransactionCount
[2025/03/20 22:21:30.063] - eth_sendRawTransaction
[2025/03/20 22:21:30.133] - 
  Transaction: 0x71ea1a8117b418e8a7372ae138c8f8967433dfb883d1eca3e6456ca918d80014
  Gas usage: 23112
  Block number: 5
  Block time: Thu Mar 20 2025 22:21:30 GMT+0530 (India Standard Time)

[2025/03/20 22:21:30.145] - eth_getBlockByNumber
[2025/03/20 22:21:30.163] - eth_getBalance
[2025/03/20 22:21:30.165] - eth_getTransactionCount
[2025/03/20 22:21:30.166] - eth_getBalance
[2025/03/20 22:21:30.166] - eth_getTransactionCount
[2025/03/20 22:21:30.167] - eth_getBalance
[2025/03/20 22:21:30.168] - eth_getTransactionCount
[2025/03/20 22:21:30.172] - eth_getBalance
[2025/03/20 22:21:30.174] - eth_getTransactionCount
[2025/03/20 22:21:30.176] - eth_getBalance
[2025/03/20 22:21:30.177] - eth_getTransactionCount
[2025/03/20 22:21:30.178] - eth_getBalance
[2025/03/20 22:21:30.178] - eth_getTransactionCount
[2025/03/20 22:21:30.179] - eth_getBalance
[2025/03/20 22:21:30.179] - eth_getTransactionCount
[2025/03/20 22:21:30.180] - eth_getBalance
[2025/03/20 22:21:30.181] - eth_getTransactionCount
[2025/03/20 22:21:30.182] - eth_getBalance
[2025/03/20 22:21:30.183] - eth_getTransactionCount
[2025/03/20 22:21:30.184] - eth_getBalance
[2025/03/20 22:21:30.184] - eth_getTransactionCount
[2025/03/20 22:21:45.598] - eth_accounts
[2025/03/20 22:21:45.613] - eth_getTransactionCount
[2025/03/20 22:21:48.525] - eth_sendRawTransaction
[2025/03/20 22:21:48.567] - 
  Transaction: 0x4e294bdd2bc942e4b2f79f6293414ea10ab2c7e63b5ac6ba9aecb1d6090889c3
  Gas usage: 23112
  Block number: 6
  Block time: Thu Mar 20 2025 22:21:48 GMT+0530 (India Standard Time)

[2025/03/20 22:21:48.572] - eth_getBalance
[2025/03/20 22:21:48.578] - eth_getBlockByNumber
[2025/03/20 22:21:48.595] - eth_getBalance
[2025/03/20 22:21:48.596] - eth_getTransactionCount
[2025/03/20 22:21:48.597] - eth_getBalance
[2025/03/20 22:21:48.599] - eth_getTransactionCount
[2025/03/20 22:21:48.608] - eth_getBalance
[2025/03/20 22:21:48.608] - eth_getTransactionCount
[2025/03/20 22:21:48.608] - eth_getBalance
[2025/03/20 22:21:48.608] - eth_getTransactionCount
[2025/03/20 22:21:48.609] - eth_getBalance
[2025/03/20 22:21:48.609] - eth_getTransactionCount
[2025/03/20 22:21:48.613] - eth_getBalance
[2025/03/20 22:21:48.614] - eth_getTransactionCount
[2025/03/20 22:21:48.615] - eth_getBalance
[2025/03/20 22:21:48.615] - eth_getTransactionCount
[2025/03/20 22:21:48.615] - eth_getBalance
[2025/03/20 22:21:48.617] - eth_getTransactionCount
[2025/03/20 22:21:48.617] - eth_getBalance
[2025/03/20 22:21:48.621] - eth_getTransactionCount
[2025/03/20 22:21:48.622] - eth_getBalance
[2025/03/20 22:21:48.623] - eth_getTransactionCount
[2025/03/20 22:24:11.421] - eth_accounts
[2025/03/20 22:24:11.431] - eth_getTransactionCount
[2025/03/20 22:24:17.787] - eth_sendRawTransaction
[2025/03/20 22:24:17.822] - 
  Transaction: 0x3e520c4331874316b6a777fe282dee437e43bae0667760cf396b5baf04b5b173
  Gas usage: 23112
  Block number: 7
  Block time: Thu Mar 20 2025 22:24:17 GMT+0530 (India Standard Time)

[2025/03/20 22:24:17.829] - eth_getBalance
[2025/03/20 22:24:17.833] - eth_getBlockByNumber
[2025/03/20 22:24:17.882] - eth_getBalance
[2025/03/20 22:24:17.893] - eth_getTransactionCount
[2025/03/20 22:24:17.905] - eth_getBalance
[2025/03/20 22:24:17.924] - eth_getTransactionCount
[2025/03/20 22:24:17.926] - eth_getBalance
[2025/03/20 22:24:17.935] - eth_getTransactionCount
[2025/03/20 22:24:17.944] - eth_getBalance
[2025/03/20 22:24:17.946] - eth_getTransactionCount
[2025/03/20 22:24:17.950] - eth_getBalance
[2025/03/20 22:24:17.952] - eth_getTransactionCount
[2025/03/20 22:24:17.962] - eth_getBalance
[2025/03/20 22:24:17.964] - eth_getTransactionCount
[2025/03/20 22:24:17.965] - eth_getBalance
[2025/03/20 22:24:17.966] - eth_getTransactionCount
[2025/03/20 22:24:17.974] - eth_getBalance
[2025/03/20 22:24:17.979] - eth_getTransactionCount
[2025/03/20 22:24:17.992] - eth_getBalance
[2025/03/20 22:24:17.998] - eth_getTransactionCount
[2025/03/20 22:24:17.999] - eth_getBalance
[2025/03/20 22:24:18.000] - eth_getTransactionCount
[2025/03/20 22:24:24.951] - eth_accounts
[2025/03/20 22:24:24.960] - eth_getTransactionCount
[2025/03/20 22:24:25.918] - eth_sendRawTransaction
[2025/03/20 22:24:25.939] - 
  Transaction: 0xf5b729c6d7e756184f8e618e90bee4b37b068f3a9ce422722cf2bfba3fc760b7
  Gas usage: 23112
  Block number: 8
  Block time: Thu Mar 20 2025 22:24:25 GMT+0530 (India Standard Time)

[2025/03/20 22:24:25.951] - eth_getBalance
[2025/03/20 22:24:25.955] - eth_getBlockByNumber
[2025/03/20 22:24:25.976] - eth_getBalance
[2025/03/20 22:24:25.979] - eth_getTransactionCount
[2025/03/20 22:24:25.983] - eth_getBalance
[2025/03/20 22:24:25.985] - eth_getTransactionCount
[2025/03/20 22:24:25.987] - eth_getBalance
[2025/03/20 22:24:25.990] - eth_getTransactionCount
[2025/03/20 22:24:25.994] - eth_getBalance
[2025/03/20 22:24:25.995] - eth_getTransactionCount
[2025/03/20 22:24:25.998] - eth_getBalance
[2025/03/20 22:24:26.001] - eth_getTransactionCount
[2025/03/20 22:24:26.002] - eth_getBalance
[2025/03/20 22:24:26.003] - eth_getTransactionCount
[2025/03/20 22:24:26.004] - eth_getBalance
[2025/03/20 22:24:26.005] - eth_getTransactionCount
[2025/03/20 22:24:26.007] - eth_getBalance
[2025/03/20 22:24:26.009] - eth_getTransactionCount
[2025/03/20 22:24:26.010] - eth_getBalance
[2025/03/20 22:24:26.011] - eth_getTransactionCount
[2025/03/20 22:24:26.012] - eth_getBalance
[2025/03/20 22:24:26.019] - eth_getTransactionCount
[2025/03/20 22:24:28.285] - eth_accounts
[2025/03/20 22:24:28.291] - eth_getTransactionCount
[2025/03/20 22:24:29.096] - eth_sendRawTransaction
[2025/03/20 22:24:29.121] - 
  Transaction: 0x4b863afb9dfc4a4bda3e688a41ac0e0d26c96bbf0d38c9d36a1d79ba0be294df
  Gas usage: 23112
  Block number: 9
  Block time: Thu Mar 20 2025 22:24:29 GMT+0530 (India Standard Time)

[2025/03/20 22:24:29.129] - eth_getBlockByNumber
[2025/03/20 22:24:29.132] - eth_getBalance
[2025/03/20 22:24:29.135] - eth_getBalance
[2025/03/20 22:24:29.137] - eth_getTransactionCount
[2025/03/20 22:24:29.138] - eth_getBalance
[2025/03/20 22:24:29.141] - eth_getTransactionCount
[2025/03/20 22:24:29.152] - eth_getBalance
[2025/03/20 22:24:29.157] - eth_getTransactionCount
[2025/03/20 22:24:29.160] - eth_getBalance
[2025/03/20 22:24:29.162] - eth_getTransactionCount
[2025/03/20 22:24:29.165] - eth_getBalance
[2025/03/20 22:24:29.167] - eth_getTransactionCount
[2025/03/20 22:24:29.169] - eth_getBalance
[2025/03/20 22:24:29.170] - eth_getTransactionCount
[2025/03/20 22:24:29.172] - eth_getBalance
[2025/03/20 22:24:29.173] - eth_getTransactionCount
[2025/03/20 22:24:29.175] - eth_getBalance
[2025/03/20 22:24:29.178] - eth_getTransactionCount
[2025/03/20 22:24:29.179] - eth_getBalance
[2025/03/20 22:24:29.181] - eth_getTransactionCount
[2025/03/20 22:24:29.182] - eth_getBalance
[2025/03/20 22:24:29.184] - eth_getTransactionCount
[2025/03/20 22:24:33.604] - eth_getBlockByNumber
[2025/03/20 22:24:33.639] - eth_getTransactionReceipt
[2025/03/20 22:24:33.644] - eth_getBlockByNumber
[2025/03/20 22:24:33.660] - eth_getTransactionReceipt
[2025/03/20 22:24:33.666] - eth_getBlockByNumber
[2025/03/20 22:24:33.669] - eth_getTransactionReceipt
[2025/03/20 22:24:33.672] - eth_getBlockByNumber
[2025/03/20 22:24:33.675] - eth_getTransactionReceipt
[2025/03/20 22:24:33.678] - eth_getBlockByNumber
[2025/03/20 22:24:33.685] - eth_getTransactionReceipt
[2025/03/20 22:24:33.689] - eth_getTransactionReceipt
[2025/03/20 22:24:33.692] - eth_getTransactionReceipt
[2025/03/20 22:24:33.695] - eth_getTransactionReceipt
[2025/03/20 22:24:33.698] - eth_getTransactionReceipt
[2025/03/20 22:24:36.323] - eth_getTransactionByHash
[2025/03/20 22:25:45.815] - eth_getBlockByNumber
[2025/03/20 22:25:45.845] - eth_getBlockTransactionCountByHash
[2025/03/20 22:25:45.851] - eth_getBlockByNumber
[2025/03/20 22:25:45.855] - eth_getBlockTransactionCountByHash
[2025/03/20 22:25:45.858] - eth_getBlockByNumber
[2025/03/20 22:25:45.864] - eth_getBlockTransactionCountByHash
[2025/03/20 22:25:45.866] - eth_getBlockByNumber
[2025/03/20 22:25:45.869] - eth_getBlockTransactionCountByHash
[2025/03/20 22:25:45.872] - eth_getBlockByNumber
[2025/03/20 22:25:45.874] - eth_getBlockTransactionCountByHash
[2025/03/20 22:25:45.876] - eth_getBlockByNumber
[2025/03/20 22:25:45.879] - eth_getBlockTransactionCountByHash
[2025/03/20 22:25:45.900] - eth_getBlockByNumber
[2025/03/20 22:25:45.904] - eth_getBlockTransactionCountByHash
[2025/03/20 22:25:45.906] - eth_getBlockByNumber
[2025/03/20 22:25:45.909] - eth_getBlockTransactionCountByHash
[2025/03/20 22:25:45.911] - eth_getBlockByNumber
[2025/03/20 22:25:45.913] - eth_getBlockTransactionCountByHash
[2025/03/20 22:25:45.915] - eth_getBlockByNumber
[2025/03/20 22:25:45.918] - eth_getBlockTransactionCountByHash
[2025/03/20 22:26:52.814] - eth_unsubscribe
[2025/03/20 22:26:52.816] - eth_unsubscribe
