[2025/03/20 21:14:55.956] - Starting server with initial configuration: {"gasLimit":6721975,"gasPrice":2,"hardfork":"merge","hostname":"127.0.0.1","port":7545,"network_id":5777,"default_balance_ether":100,"total_accounts":10,"unlocked_accounts":[],"locked":false,"vmErrorsOnRPCResponse":true,"verbose":false,"flavor":"ethereum","db_path":"/Users/anurajmaurya/Library/Application Support/Ganache/ui/workspaces/pleadai/chaindata","mnemonic":"record melody reopen once safe clock spider sugar know stumble accident ozone","logDirectory":"/Users/anurajmaurya/Desktop/Cursor Project/backend/contracts"}
[2025/03/20 21:14:56.162] - eth_getBlockByNumber
[2025/03/20 21:14:56.163] - eth_subscribe
[2025/03/20 21:14:56.169] - eth_blockNumber
[2025/03/20 21:14:56.170] - eth_accounts
[2025/03/20 21:14:56.170] - eth_gasPrice
[2025/03/20 21:14:56.170] - eth_blockNumber
[2025/03/20 21:14:56.170] - eth_accounts
[2025/03/20 21:14:56.170] - eth_gasPrice
[2025/03/20 21:14:56.171] - eth_getBlockByNumber
[2025/03/20 21:14:56.171] - eth_subscribe
[2025/03/20 21:14:56.193] - eth_getBalance
[2025/03/20 21:14:56.194] - eth_getTransactionCount
[2025/03/20 21:14:56.195] - eth_getBalance
[2025/03/20 21:14:56.196] - eth_getTransactionCount
[2025/03/20 21:14:56.198] - eth_getBalance
[2025/03/20 21:14:56.199] - eth_getTransactionCount
[2025/03/20 21:14:56.201] - eth_getBalance
[2025/03/20 21:14:56.202] - eth_getTransactionCount
[2025/03/20 21:14:56.203] - eth_getBalance
[2025/03/20 21:14:56.204] - eth_getTransactionCount
[2025/03/20 21:14:56.206] - eth_getBalance
[2025/03/20 21:14:56.207] - eth_getTransactionCount
[2025/03/20 21:14:56.208] - eth_getBalance
[2025/03/20 21:14:56.209] - eth_getTransactionCount
[2025/03/20 21:14:56.211] - eth_getBalance
[2025/03/20 21:14:56.212] - eth_getTransactionCount
[2025/03/20 21:14:56.213] - eth_getBalance
[2025/03/20 21:14:56.214] - eth_getTransactionCount
[2025/03/20 21:14:56.215] - eth_getBalance
[2025/03/20 21:14:56.216] - eth_getTransactionCount
[2025/03/20 21:14:56.217] - eth_getBalance
[2025/03/20 21:14:56.219] - eth_getTransactionCount
[2025/03/20 21:14:56.226] - eth_getBalance
[2025/03/20 21:14:56.227] - eth_getTransactionCount
[2025/03/20 21:14:56.229] - eth_getBalance
[2025/03/20 21:14:56.231] - eth_getTransactionCount
[2025/03/20 21:14:56.231] - eth_getBalance
[2025/03/20 21:14:56.232] - eth_getTransactionCount
[2025/03/20 21:14:56.234] - eth_getBalance
[2025/03/20 21:14:56.235] - eth_getTransactionCount
[2025/03/20 21:14:56.236] - eth_getBalance
[2025/03/20 21:14:56.237] - eth_getTransactionCount
[2025/03/20 21:14:56.239] - eth_getBalance
[2025/03/20 21:14:56.240] - eth_getTransactionCount
[2025/03/20 21:14:56.242] - eth_getBalance
[2025/03/20 21:14:56.244] - eth_getTransactionCount
[2025/03/20 21:14:56.244] - eth_getBalance
[2025/03/20 21:14:56.246] - eth_getTransactionCount
[2025/03/20 21:14:56.247] - eth_getBalance
[2025/03/20 21:14:56.247] - eth_getTransactionCount
[2025/03/20 21:14:56.249] - eth_getBalance
[2025/03/20 21:14:56.250] - eth_getTransactionCount
[2025/03/20 21:14:56.251] - eth_getBalance
[2025/03/20 21:14:56.252] - eth_getTransactionCount
[2025/03/20 21:14:56.257] - eth_getBalance
[2025/03/20 21:14:56.260] - eth_getTransactionCount
[2025/03/20 21:14:56.267] - eth_getBalance
[2025/03/20 21:14:56.270] - eth_getTransactionCount
[2025/03/20 21:14:56.271] - eth_getBalance
[2025/03/20 21:14:56.272] - eth_getTransactionCount
[2025/03/20 21:14:56.276] - eth_getBalance
[2025/03/20 21:14:56.283] - eth_getTransactionCount
[2025/03/20 21:14:56.284] - eth_getBalance
[2025/03/20 21:14:56.286] - eth_getTransactionCount
[2025/03/20 21:14:56.288] - eth_getBalance
[2025/03/20 21:14:56.288] - eth_getTransactionCount
[2025/03/20 21:14:56.338] - eth_getBalance
[2025/03/20 21:14:56.338] - eth_getTransactionCount
[2025/03/20 21:14:56.338] - eth_getBalance
[2025/03/20 21:14:56.338] - eth_getTransactionCount
[2025/03/20 21:14:56.339] - eth_getBalance
[2025/03/20 21:14:56.339] - eth_getTransactionCount
[2025/03/20 21:14:56.339] - eth_getBalance
[2025/03/20 21:14:56.339] - eth_getTransactionCount
[2025/03/20 21:14:56.339] - eth_getBalance
[2025/03/20 21:14:56.339] - eth_getTransactionCount
[2025/03/20 21:14:56.339] - eth_getBalance
[2025/03/20 21:14:56.339] - eth_getTransactionCount
[2025/03/20 21:14:56.339] - eth_getBalance
[2025/03/20 21:14:56.339] - eth_getTransactionCount
[2025/03/20 21:14:56.340] - eth_getBalance
[2025/03/20 21:14:56.343] - eth_getTransactionCount
[2025/03/20 21:14:56.343] - eth_getBalance
[2025/03/20 21:14:56.343] - eth_getTransactionCount
[2025/03/20 21:14:56.343] - eth_getBalance
[2025/03/20 21:14:56.348] - eth_getTransactionCount
[2025/03/20 21:14:56.352] - eth_getBalance
[2025/03/20 21:14:56.352] - eth_getTransactionCount
[2025/03/20 21:14:56.353] - eth_getBalance
[2025/03/20 21:14:56.353] - eth_getTransactionCount
[2025/03/20 21:14:56.773] - eth_subscribe
[2025/03/20 21:14:56.774] - eth_getLogs
[2025/03/20 21:14:56.775] - eth_subscribe
[2025/03/20 21:14:56.785] - eth_subscribe
[2025/03/20 21:14:56.786] - eth_getLogs
[2025/03/20 21:14:56.786] - eth_subscribe
[2025/03/20 21:15:08.019] - eth_unsubscribe
[2025/03/20 21:15:08.020] - eth_unsubscribe
