[2025/03/20 21:15:09.940] - Starting server with initial configuration: {"gasLimit":1000,"gasPrice":200000,"hardfork":"merge","hostname":"127.0.0.1","port":9999,"network_id":5777,"default_balance_ether":100,"total_accounts":10,"unlocked_accounts":[],"locked":true,"vmErrorsOnRPCResponse":true,"verbose":false,"flavor":"ethereum","db_path":"/Users/anurajmaurya/Library/Application Support/Ganache/ui/workspaces/pleadai_blockchain/chaindata","logDirectory":"/Users/anurajmaurya/Desktop/Cursor Project/backend/contracts/pleadai_blockchain_log"}
[2025/03/20 21:15:10.155] - eth_getBlockByNumber
[2025/03/20 21:15:10.162] - eth_subscribe
[2025/03/20 21:15:10.163] - eth_blockNumber
[2025/03/20 21:15:10.163] - eth_accounts
[2025/03/20 21:15:10.163] - eth_gasPrice
[2025/03/20 21:15:10.166] - eth_blockNumber
[2025/03/20 21:15:10.167] - eth_accounts
[2025/03/20 21:15:10.167] - eth_gasPrice
[2025/03/20 21:15:10.167] - eth_getBlockByNumber
[2025/03/20 21:15:10.167] - eth_subscribe
[2025/03/20 21:15:10.183] - eth_getBalance
[2025/03/20 21:15:10.184] - eth_getTransactionCount
[2025/03/20 21:15:10.186] - eth_getBalance
[2025/03/20 21:15:10.186] - eth_getTransactionCount
[2025/03/20 21:15:10.189] - eth_getBalance
[2025/03/20 21:15:10.191] - eth_getTransactionCount
[2025/03/20 21:15:10.191] - eth_getBalance
[2025/03/20 21:15:10.193] - eth_getTransactionCount
[2025/03/20 21:15:10.193] - eth_getBalance
[2025/03/20 21:15:10.196] - eth_getTransactionCount
[2025/03/20 21:15:10.197] - eth_getBalance
[2025/03/20 21:15:10.198] - eth_getTransactionCount
[2025/03/20 21:15:10.199] - eth_getBalance
[2025/03/20 21:15:10.200] - eth_getTransactionCount
[2025/03/20 21:15:10.202] - eth_getBalance
[2025/03/20 21:15:10.203] - eth_getTransactionCount
[2025/03/20 21:15:10.205] - eth_getBalance
[2025/03/20 21:15:10.206] - eth_getTransactionCount
[2025/03/20 21:15:10.207] - eth_getBalance
[2025/03/20 21:15:10.208] - eth_getTransactionCount
[2025/03/20 21:15:10.209] - eth_getBalance
[2025/03/20 21:15:10.211] - eth_getTransactionCount
[2025/03/20 21:15:10.212] - eth_getBalance
[2025/03/20 21:15:10.213] - eth_getTransactionCount
[2025/03/20 21:15:10.214] - eth_getBalance
[2025/03/20 21:15:10.215] - eth_getTransactionCount
[2025/03/20 21:15:10.216] - eth_getBalance
[2025/03/20 21:15:10.218] - eth_getTransactionCount
[2025/03/20 21:15:10.218] - eth_getBalance
[2025/03/20 21:15:10.220] - eth_getTransactionCount
[2025/03/20 21:15:10.220] - eth_getBalance
[2025/03/20 21:15:10.221] - eth_getTransactionCount
[2025/03/20 21:15:10.222] - eth_getBalance
[2025/03/20 21:15:10.224] - eth_getTransactionCount
[2025/03/20 21:15:10.225] - eth_getBalance
[2025/03/20 21:15:10.226] - eth_getTransactionCount
[2025/03/20 21:15:10.227] - eth_getBalance
[2025/03/20 21:15:10.228] - eth_getTransactionCount
[2025/03/20 21:15:10.229] - eth_getBalance
[2025/03/20 21:15:10.230] - eth_getTransactionCount
[2025/03/20 21:15:10.242] - eth_getBalance
[2025/03/20 21:15:10.243] - eth_getTransactionCount
[2025/03/20 21:15:10.244] - eth_getBalance
[2025/03/20 21:15:10.246] - eth_getTransactionCount
[2025/03/20 21:15:10.247] - eth_getBalance
[2025/03/20 21:15:10.248] - eth_getTransactionCount
[2025/03/20 21:15:10.250] - eth_getBalance
[2025/03/20 21:15:10.251] - eth_getTransactionCount
[2025/03/20 21:15:10.252] - eth_getBalance
[2025/03/20 21:15:10.253] - eth_getTransactionCount
[2025/03/20 21:15:10.254] - eth_getBalance
[2025/03/20 21:15:10.255] - eth_getTransactionCount
[2025/03/20 21:15:10.256] - eth_getBalance
[2025/03/20 21:15:10.258] - eth_getTransactionCount
[2025/03/20 21:15:10.259] - eth_getBalance
[2025/03/20 21:15:10.260] - eth_getTransactionCount
[2025/03/20 21:15:10.260] - eth_getBalance
[2025/03/20 21:15:10.261] - eth_getTransactionCount
[2025/03/20 21:15:10.262] - eth_getBalance
[2025/03/20 21:15:10.263] - eth_getTransactionCount
[2025/03/20 21:15:10.264] - eth_getBalance
[2025/03/20 21:15:10.265] - eth_getTransactionCount
[2025/03/20 21:15:10.266] - eth_getBalance
[2025/03/20 21:15:10.267] - eth_getTransactionCount
[2025/03/20 21:15:10.268] - eth_getBalance
[2025/03/20 21:15:10.269] - eth_getTransactionCount
[2025/03/20 21:15:10.270] - eth_getBalance
[2025/03/20 21:15:10.272] - eth_getTransactionCount
[2025/03/20 21:15:10.275] - eth_getBalance
[2025/03/20 21:15:10.275] - eth_getTransactionCount
[2025/03/20 21:15:10.276] - eth_getBalance
[2025/03/20 21:15:10.278] - eth_getTransactionCount
[2025/03/20 21:15:10.280] - eth_getBalance
[2025/03/20 21:15:10.281] - eth_getTransactionCount
[2025/03/20 21:15:10.285] - eth_getBalance
[2025/03/20 21:15:10.286] - eth_getTransactionCount
[2025/03/20 21:15:10.287] - eth_getBalance
[2025/03/20 21:15:10.288] - eth_getTransactionCount
[2025/03/20 21:15:10.290] - eth_getBalance
[2025/03/20 21:15:10.290] - eth_getTransactionCount
[2025/03/20 21:15:10.593] - eth_subscribe
[2025/03/20 21:15:10.593] - eth_getLogs
[2025/03/20 21:15:10.595] - eth_subscribe
[2025/03/20 21:15:10.604] - eth_subscribe
[2025/03/20 21:15:10.605] - eth_getLogs
[2025/03/20 21:15:10.605] - eth_subscribe
[2025/03/20 21:15:11.354] - eth_unsubscribe
[2025/03/20 21:15:11.356] - eth_unsubscribe
