[2025/03/20 21:16:18.563] - Starting server with initial configuration: {"gasLimit":6721975,"gasPrice":20000000000,"hardfork":"merge","hostname":"127.0.0.1","port":9999,"network_id":5777,"default_balance_ether":100,"total_accounts":5,"unlocked_accounts":[],"locked":false,"vmErrorsOnRPCResponse":true,"verbose":false,"flavor":"ethereum","db_path":"/Users/anurajmaurya/Library/Application Support/Ganache/ui/workspaces/greedy-window/chaindata","logDirectory":"/Users/anurajmaurya/Desktop/Cursor Project/backend/contracts/pleadai_blockchain_log"}
[2025/03/20 21:16:18.683] - eth_blockNumber
[2025/03/20 21:16:18.686] - eth_accounts
[2025/03/20 21:16:18.687] - eth_gasPrice
[2025/03/20 21:16:18.687] - eth_getBlockByNumber
[2025/03/20 21:16:18.687] - eth_subscribe
[2025/03/20 21:16:18.690] - eth_blockNumber
[2025/03/20 21:16:18.690] - eth_accounts
[2025/03/20 21:16:18.690] - eth_gasPrice
[2025/03/20 21:16:18.690] - eth_getBlockByNumber
[2025/03/20 21:16:18.690] - eth_subscribe
[2025/03/20 21:16:18.690] - eth_accounts
[2025/03/20 21:16:18.691] - eth_subscribe
[2025/03/20 21:16:18.691] - eth_getLogs
[2025/03/20 21:16:18.692] - eth_subscribe
[2025/03/20 21:16:18.695] - eth_subscribe
[2025/03/20 21:16:18.696] - eth_getLogs
[2025/03/20 21:16:18.696] - eth_subscribe
[2025/03/20 21:16:18.701] - eth_getBalance
[2025/03/20 21:16:18.702] - eth_getTransactionCount
[2025/03/20 21:16:18.703] - eth_getBalance
[2025/03/20 21:16:18.703] - eth_getTransactionCount
[2025/03/20 21:16:18.704] - eth_getBalance
[2025/03/20 21:16:18.704] - eth_getTransactionCount
[2025/03/20 21:16:18.705] - eth_getBalance
[2025/03/20 21:16:18.706] - eth_getTransactionCount
[2025/03/20 21:16:18.707] - eth_getBalance
[2025/03/20 21:16:18.708] - eth_getTransactionCount
[2025/03/20 21:16:18.716] - eth_getBalance
[2025/03/20 21:16:18.717] - eth_getTransactionCount
[2025/03/20 21:16:18.718] - eth_getBalance
[2025/03/20 21:16:18.718] - eth_getTransactionCount
[2025/03/20 21:16:18.719] - eth_getBalance
[2025/03/20 21:16:18.719] - eth_getTransactionCount
[2025/03/20 21:16:18.722] - eth_getBalance
[2025/03/20 21:16:18.723] - eth_getTransactionCount
[2025/03/20 21:16:18.724] - eth_getBalance
[2025/03/20 21:16:18.725] - eth_getTransactionCount
[2025/03/20 21:16:18.726] - eth_getBalance
[2025/03/20 21:16:18.726] - eth_getTransactionCount
[2025/03/20 21:16:18.727] - eth_getBalance
[2025/03/20 21:16:18.728] - eth_getTransactionCount
[2025/03/20 21:16:18.728] - eth_getBalance
[2025/03/20 21:16:18.729] - eth_getTransactionCount
[2025/03/20 21:16:18.730] - eth_getBalance
[2025/03/20 21:16:18.731] - eth_getTransactionCount
[2025/03/20 21:16:18.732] - eth_getBalance
[2025/03/20 21:16:18.733] - eth_getTransactionCount
[2025/03/20 21:16:18.743] - eth_getBalance
[2025/03/20 21:16:18.744] - eth_getTransactionCount
[2025/03/20 21:16:18.744] - eth_getBalance
[2025/03/20 21:16:18.745] - eth_getTransactionCount
[2025/03/20 21:16:18.746] - eth_getBalance
[2025/03/20 21:16:18.746] - eth_getTransactionCount
[2025/03/20 21:16:18.747] - eth_getBalance
[2025/03/20 21:16:18.748] - eth_getTransactionCount
[2025/03/20 21:16:18.748] - eth_getBalance
[2025/03/20 21:16:18.749] - eth_getTransactionCount
[2025/03/20 21:18:23.591] - eth_getBlockByNumber
[2025/03/20 21:18:23.602] - eth_getBlockTransactionCountByHash
[2025/03/20 21:18:27.369] - eth_getBlockByNumber
[2025/03/20 21:18:53.026] - eth_accounts
[2025/03/20 21:18:53.041] - eth_getTransactionCount
[2025/03/20 21:18:55.242] - eth_sendRawTransaction
[2025/03/20 21:18:55.312] - 
  Transaction: 0x066c1d067e8401b4b23dfe53051b6009de2f028b40b1585e28f1ab2cab7a13a8
  Gas usage: 23112
  Block number: 1
  Block time: Thu Mar 20 2025 21:18:55 GMT+0530 (India Standard Time)

[2025/03/20 21:18:55.334] - eth_getBalance
[2025/03/20 21:18:55.338] - eth_getTransactionCount
[2025/03/20 21:18:55.339] - eth_getBlockByNumber
[2025/03/20 21:18:55.340] - eth_getBalance
[2025/03/20 21:18:55.340] - eth_getTransactionCount
[2025/03/20 21:18:55.341] - eth_getBalance
[2025/03/20 21:18:55.343] - eth_getTransactionCount
[2025/03/20 21:18:55.344] - eth_getBalance
[2025/03/20 21:18:55.346] - eth_getTransactionCount
[2025/03/20 21:18:55.347] - eth_getBalance
[2025/03/20 21:18:55.348] - eth_getTransactionCount
[2025/03/20 21:19:01.367] - eth_getBlockByNumber
[2025/03/20 21:19:01.389] - eth_getTransactionReceipt
[2025/03/20 21:19:20.466] - eth_unsubscribe
[2025/03/20 21:19:20.468] - eth_unsubscribe
