[2025/03/23 10:31:54.774] - Starting server with initial configuration: {"gasLimit":6721975,"gasPrice":20000000000,"hardfork":"merge","hostname":"127.0.0.1","port":9999,"network_id":5777,"default_balance_ether":100,"total_accounts":5,"unlocked_accounts":[],"locked":false,"vmErrorsOnRPCResponse":true,"verbose":false,"flavor":"ethereum","db_path":"/Users/anurajmaurya/Library/Application Support/Ganache/ui/workspaces/pleadai_blockchain-/chaindata","logDirectory":"/Users/anurajmaurya/Desktop/Cursor Project/backend/contracts/pleadai_blockchain_log"}
[2025/03/23 10:31:55.392] - eth_getBlockByNumber
[2025/03/23 10:31:55.397] - eth_subscribe
[2025/03/23 10:31:55.397] - eth_blockNumber
[2025/03/23 10:31:55.397] - eth_accounts
[2025/03/23 10:31:55.398] - eth_gasPrice
[2025/03/23 10:31:55.485] - eth_getBalance
[2025/03/23 10:31:55.491] - eth_getTransactionCount
[2025/03/23 10:31:55.493] - eth_getBalance
[2025/03/23 10:31:55.495] - eth_getTransactionCount
[2025/03/23 10:31:55.497] - eth_getBalance
[2025/03/23 10:31:55.507] - eth_getTransactionCount
[2025/03/23 10:31:55.513] - eth_getBalance
[2025/03/23 10:31:55.515] - eth_getTransactionCount
[2025/03/23 10:31:55.521] - eth_getBalance
[2025/03/23 10:31:55.525] - eth_getTransactionCount
[2025/03/23 10:31:55.528] - eth_getBalance
[2025/03/23 10:31:55.532] - eth_getTransactionCount
[2025/03/23 10:31:55.551] - eth_getBalance
[2025/03/23 10:31:55.554] - eth_getTransactionCount
[2025/03/23 10:31:55.556] - eth_getBalance
[2025/03/23 10:31:55.563] - eth_getTransactionCount
[2025/03/23 10:31:55.567] - eth_getBalance
[2025/03/23 10:31:55.569] - eth_getTransactionCount
[2025/03/23 10:31:55.571] - eth_getBalance
[2025/03/23 10:31:55.573] - eth_getTransactionCount
[2025/03/23 10:31:55.593] - eth_blockNumber
[2025/03/23 10:31:55.595] - eth_accounts
[2025/03/23 10:31:55.595] - eth_gasPrice
[2025/03/23 10:31:55.595] - eth_getBlockByNumber
[2025/03/23 10:31:55.595] - eth_subscribe
[2025/03/23 10:31:55.726] - eth_getBalance
[2025/03/23 10:31:55.727] - eth_getTransactionCount
[2025/03/23 10:31:55.728] - eth_getBalance
[2025/03/23 10:31:55.729] - eth_getTransactionCount
[2025/03/23 10:31:55.730] - eth_getBalance
[2025/03/23 10:31:55.732] - eth_getTransactionCount
[2025/03/23 10:31:55.735] - eth_getBalance
[2025/03/23 10:31:55.736] - eth_getTransactionCount
[2025/03/23 10:31:55.736] - eth_subscribe
[2025/03/23 10:31:55.737] - eth_getLogs
[2025/03/23 10:31:55.738] - eth_subscribe
[2025/03/23 10:31:55.742] - eth_getBalance
[2025/03/23 10:31:55.746] - eth_getTransactionCount
[2025/03/23 10:31:55.746] - eth_subscribe
[2025/03/23 10:31:55.747] - eth_getLogs
[2025/03/23 10:31:55.747] - eth_subscribe
[2025/03/23 10:31:55.769] - eth_getBalance
[2025/03/23 10:31:55.770] - eth_getTransactionCount
[2025/03/23 10:31:55.771] - eth_getBalance
[2025/03/23 10:31:55.772] - eth_getTransactionCount
[2025/03/23 10:31:55.773] - eth_getBalance
[2025/03/23 10:31:55.775] - eth_getTransactionCount
[2025/03/23 10:31:55.775] - eth_getBalance
[2025/03/23 10:31:55.776] - eth_getTransactionCount
[2025/03/23 10:31:55.777] - eth_getBalance
[2025/03/23 10:31:55.778] - eth_getTransactionCount
[2025/03/23 10:31:57.772] - eth_unsubscribe
[2025/03/23 10:31:57.773] - eth_unsubscribe
