[2025/03/20 21:11:57.573] - Starting server with initial configuration: {"gasLimit":1000,"gasPrice":20,"hardfork":"merge","hostname":"127.0.0.1","port":9999,"network_id":5777,"default_balance_ether":100,"total_accounts":10,"unlocked_accounts":[],"locked":true,"vmErrorsOnRPCResponse":true,"verbose":false,"flavor":"ethereum","db_path":"/Users/anurajmaurya/Library/Application Support/Ganache/ui/workspaces/closed-arch/chaindata","logDirectory":"/Users/anurajmaurya/Desktop/Cursor Project/backend/contracts/pleadai_blockchain_log"}
[2025/03/20 21:11:57.754] - eth_blockNumber
[2025/03/20 21:11:57.755] - eth_accounts
[2025/03/20 21:11:57.757] - eth_gasPrice
[2025/03/20 21:11:57.757] - eth_getBlockByNumber
[2025/03/20 21:11:57.758] - eth_subscribe
[2025/03/20 21:11:57.760] - eth_blockNumber
[2025/03/20 21:11:57.760] - eth_accounts
[2025/03/20 21:11:57.761] - eth_gasPrice
[2025/03/20 21:11:57.761] - eth_getBlockByNumber
[2025/03/20 21:11:57.761] - eth_subscribe
[2025/03/20 21:11:57.761] - eth_accounts
[2025/03/20 21:11:57.762] - eth_subscribe
[2025/03/20 21:11:57.762] - eth_getLogs
[2025/03/20 21:11:57.763] - eth_subscribe
[2025/03/20 21:11:57.766] - eth_subscribe
[2025/03/20 21:11:57.766] - eth_getLogs
[2025/03/20 21:11:57.767] - eth_subscribe
[2025/03/20 21:11:57.771] - eth_getBalance
[2025/03/20 21:11:57.773] - eth_getTransactionCount
[2025/03/20 21:11:57.774] - eth_getBalance
[2025/03/20 21:11:57.775] - eth_getTransactionCount
[2025/03/20 21:11:57.775] - eth_getBalance
[2025/03/20 21:11:57.777] - eth_getTransactionCount
[2025/03/20 21:11:57.778] - eth_getBalance
[2025/03/20 21:11:57.779] - eth_getTransactionCount
[2025/03/20 21:11:57.780] - eth_getBalance
[2025/03/20 21:11:57.783] - eth_getTransactionCount
[2025/03/20 21:11:57.785] - eth_getBalance
[2025/03/20 21:11:57.786] - eth_getTransactionCount
[2025/03/20 21:11:57.787] - eth_getBalance
[2025/03/20 21:11:57.788] - eth_getTransactionCount
[2025/03/20 21:11:57.788] - eth_getBalance
[2025/03/20 21:11:57.791] - eth_getTransactionCount
[2025/03/20 21:11:57.796] - eth_getBalance
[2025/03/20 21:11:57.797] - eth_getTransactionCount
[2025/03/20 21:11:57.798] - eth_getBalance
[2025/03/20 21:11:57.798] - eth_getTransactionCount
[2025/03/20 21:11:57.810] - eth_getBalance
[2025/03/20 21:11:57.810] - eth_getTransactionCount
[2025/03/20 21:11:57.811] - eth_getBalance
[2025/03/20 21:11:57.812] - eth_getTransactionCount
[2025/03/20 21:11:57.813] - eth_getBalance
[2025/03/20 21:11:57.814] - eth_getTransactionCount
[2025/03/20 21:11:57.815] - eth_getBalance
[2025/03/20 21:11:57.816] - eth_getTransactionCount
[2025/03/20 21:11:57.817] - eth_getBalance
[2025/03/20 21:11:57.818] - eth_getTransactionCount
[2025/03/20 21:11:57.818] - eth_getBalance
[2025/03/20 21:11:57.819] - eth_getTransactionCount
[2025/03/20 21:11:57.820] - eth_getBalance
[2025/03/20 21:11:57.821] - eth_getTransactionCount
[2025/03/20 21:11:57.822] - eth_getBalance
[2025/03/20 21:11:57.823] - eth_getTransactionCount
[2025/03/20 21:11:57.825] - eth_getBalance
[2025/03/20 21:11:57.828] - eth_getTransactionCount
[2025/03/20 21:11:57.828] - eth_getBalance
[2025/03/20 21:11:57.828] - eth_getTransactionCount
[2025/03/20 21:11:57.829] - eth_getBalance
[2025/03/20 21:11:57.831] - eth_getTransactionCount
[2025/03/20 21:11:57.832] - eth_getBalance
[2025/03/20 21:11:57.833] - eth_getTransactionCount
[2025/03/20 21:11:57.838] - eth_getBalance
[2025/03/20 21:11:57.843] - eth_getTransactionCount
[2025/03/20 21:11:57.844] - eth_getBalance
[2025/03/20 21:11:57.845] - eth_getTransactionCount
[2025/03/20 21:11:57.846] - eth_getBalance
[2025/03/20 21:11:57.847] - eth_getTransactionCount
[2025/03/20 21:11:57.848] - eth_getBalance
[2025/03/20 21:11:57.848] - eth_getTransactionCount
[2025/03/20 21:11:57.849] - eth_getBalance
[2025/03/20 21:11:57.850] - eth_getTransactionCount
[2025/03/20 21:11:57.851] - eth_getBalance
[2025/03/20 21:11:57.851] - eth_getTransactionCount
[2025/03/20 21:11:57.852] - eth_getBalance
[2025/03/20 21:11:57.853] - eth_getTransactionCount
[2025/03/20 21:11:57.854] - eth_getBalance
[2025/03/20 21:11:57.855] - eth_getTransactionCount
[2025/03/20 21:11:57.878] - eth_getBalance
[2025/03/20 21:11:57.879] - eth_getTransactionCount
[2025/03/20 21:11:57.879] - eth_getBalance
[2025/03/20 21:11:57.883] - eth_getTransactionCount
[2025/03/20 21:11:57.883] - eth_getBalance
[2025/03/20 21:11:57.883] - eth_getTransactionCount
[2025/03/20 21:11:57.884] - eth_getBalance
[2025/03/20 21:11:57.886] - eth_getTransactionCount
[2025/03/20 21:11:57.886] - eth_getBalance
[2025/03/20 21:11:57.886] - eth_getTransactionCount
[2025/03/20 21:11:57.887] - eth_getBalance
[2025/03/20 21:11:57.889] - eth_getTransactionCount
[2025/03/20 21:11:57.889] - eth_getBalance
[2025/03/20 21:11:57.890] - eth_getTransactionCount
[2025/03/20 21:11:57.891] - eth_getBalance
[2025/03/20 21:11:57.895] - eth_getTransactionCount
[2025/03/20 21:11:57.896] - eth_getBalance
[2025/03/20 21:11:57.897] - eth_getTransactionCount
[2025/03/20 21:11:57.907] - eth_getBalance
[2025/03/20 21:11:57.908] - eth_getTransactionCount
[2025/03/20 21:12:37.678] - eth_accounts
[2025/03/20 21:12:37.703] - eth_getTransactionCount
[2025/03/20 21:12:52.135] - eth_sendRawTransaction
[2025/03/20 21:13:14.524] - eth_accounts
[2025/03/20 21:13:14.535] - eth_getTransactionCount
[2025/03/20 21:13:16.206] - eth_sendRawTransaction
[2025/03/20 21:13:26.316] - eth_accounts
[2025/03/20 21:13:26.326] - eth_getTransactionCount
[2025/03/20 21:13:29.570] - eth_sendRawTransaction
[2025/03/20 21:13:49.912] - eth_getBlockByNumber
[2025/03/20 21:13:50.788] - eth_getBlockByNumber
[2025/03/20 21:13:50.799] - eth_getBlockTransactionCountByHash
[2025/03/20 21:13:53.230] - eth_getLogs
[2025/03/20 21:14:09.346] - eth_unsubscribe
[2025/03/20 21:14:09.351] - eth_unsubscribe
