[2025/03/20 21:14:09.375] - Starting server with initial configuration: {"gasLimit":1000,"gasPrice":200000,"hardfork":"merge","hostname":"127.0.0.1","port":9999,"network_id":5777,"default_balance_ether":100,"total_accounts":10,"unlocked_accounts":[],"locked":true,"vmErrorsOnRPCResponse":true,"verbose":false,"flavor":"ethereum","db_path":"/Users/anurajmaurya/Library/Application Support/Ganache/ui/workspaces/closed-arch/chaindata","logDirectory":"/Users/anurajmaurya/Desktop/Cursor Project/backend/contracts/pleadai_blockchain_log"}
[2025/03/20 21:14:09.451] - eth_subscribe
[2025/03/20 21:14:09.457] - eth_getLogs
[2025/03/20 21:14:09.458] - eth_subscribe
[2025/03/20 21:14:09.477] - eth_getBlockByNumber
[2025/03/20 21:14:09.477] - eth_subscribe
[2025/03/20 21:14:09.482] - eth_blockNumber
[2025/03/20 21:14:09.483] - eth_accounts
[2025/03/20 21:14:09.483] - eth_gasPrice
[2025/03/20 21:14:09.486] - eth_subscribe
[2025/03/20 21:14:09.486] - eth_getLogs
[2025/03/20 21:14:09.487] - eth_subscribe
[2025/03/20 21:14:09.487] - eth_getBlockByNumber
[2025/03/20 21:14:09.487] - eth_subscribe
[2025/03/20 21:14:09.487] - eth_accounts
[2025/03/20 21:14:09.495] - eth_getBalance
[2025/03/20 21:14:09.496] - eth_getTransactionCount
[2025/03/20 21:14:09.497] - eth_getBalance
[2025/03/20 21:14:09.498] - eth_getTransactionCount
[2025/03/20 21:14:09.499] - eth_getBalance
[2025/03/20 21:14:09.500] - eth_getTransactionCount
[2025/03/20 21:14:09.500] - eth_getBalance
[2025/03/20 21:14:09.501] - eth_getTransactionCount
[2025/03/20 21:14:09.503] - eth_getBalance
[2025/03/20 21:14:09.504] - eth_getTransactionCount
[2025/03/20 21:14:09.504] - eth_getBalance
[2025/03/20 21:14:09.505] - eth_getTransactionCount
[2025/03/20 21:14:09.506] - eth_getBalance
[2025/03/20 21:14:09.507] - eth_getTransactionCount
[2025/03/20 21:14:09.508] - eth_getBalance
[2025/03/20 21:14:09.509] - eth_getTransactionCount
[2025/03/20 21:14:09.509] - eth_getBalance
[2025/03/20 21:14:09.510] - eth_getTransactionCount
[2025/03/20 21:14:09.511] - eth_getBalance
[2025/03/20 21:14:09.512] - eth_getTransactionCount
[2025/03/20 21:14:09.524] - eth_getTransactionCount
[2025/03/20 21:14:09.525] - eth_getBalance
[2025/03/20 21:14:09.526] - eth_getTransactionCount
[2025/03/20 21:14:09.527] - eth_getBalance
[2025/03/20 21:14:09.528] - eth_getTransactionCount
[2025/03/20 21:14:09.529] - eth_getBalance
[2025/03/20 21:14:09.530] - eth_getTransactionCount
[2025/03/20 21:14:09.531] - eth_getBalance
[2025/03/20 21:14:09.532] - eth_getTransactionCount
[2025/03/20 21:14:09.533] - eth_getBalance
[2025/03/20 21:14:09.535] - eth_getTransactionCount
[2025/03/20 21:14:09.535] - eth_getBalance
[2025/03/20 21:14:09.536] - eth_getTransactionCount
[2025/03/20 21:14:09.538] - eth_getBalance
[2025/03/20 21:14:09.540] - eth_getTransactionCount
[2025/03/20 21:14:09.540] - eth_getBalance
[2025/03/20 21:14:09.541] - eth_getTransactionCount
[2025/03/20 21:14:09.542] - eth_getBalance
[2025/03/20 21:14:09.543] - eth_getTransactionCount
[2025/03/20 21:14:09.548] - eth_blockNumber
[2025/03/20 21:14:09.548] - eth_accounts
[2025/03/20 21:14:09.548] - eth_gasPrice
[2025/03/20 21:14:09.636] - eth_getBalance
[2025/03/20 21:14:09.637] - eth_getTransactionCount
[2025/03/20 21:14:09.638] - eth_getBalance
[2025/03/20 21:14:09.639] - eth_getTransactionCount
[2025/03/20 21:14:09.639] - eth_getBalance
[2025/03/20 21:14:09.640] - eth_getTransactionCount
[2025/03/20 21:14:09.641] - eth_getBalance
[2025/03/20 21:14:09.641] - eth_getTransactionCount
[2025/03/20 21:14:09.642] - eth_getBalance
[2025/03/20 21:14:09.643] - eth_getTransactionCount
[2025/03/20 21:14:09.644] - eth_getBalance
[2025/03/20 21:14:09.644] - eth_getTransactionCount
[2025/03/20 21:14:09.645] - eth_getBalance
[2025/03/20 21:14:09.646] - eth_getTransactionCount
[2025/03/20 21:14:09.647] - eth_getBalance
[2025/03/20 21:14:09.648] - eth_getTransactionCount
[2025/03/20 21:14:09.648] - eth_getBalance
[2025/03/20 21:14:09.649] - eth_getTransactionCount
[2025/03/20 21:14:09.650] - eth_getBalance
[2025/03/20 21:14:09.650] - eth_getTransactionCount
[2025/03/20 21:14:09.651] - eth_getBalance
[2025/03/20 21:14:09.652] - eth_getTransactionCount
[2025/03/20 21:14:09.653] - eth_getBalance
[2025/03/20 21:14:09.654] - eth_getTransactionCount
[2025/03/20 21:14:09.654] - eth_getBalance
[2025/03/20 21:14:09.655] - eth_getTransactionCount
[2025/03/20 21:14:09.656] - eth_getBalance
[2025/03/20 21:14:09.657] - eth_getTransactionCount
[2025/03/20 21:14:09.658] - eth_getBalance
[2025/03/20 21:14:09.658] - eth_getTransactionCount
[2025/03/20 21:14:09.659] - eth_getBalance
[2025/03/20 21:14:09.660] - eth_getTransactionCount
[2025/03/20 21:14:09.661] - eth_getBalance
[2025/03/20 21:14:09.661] - eth_getTransactionCount
[2025/03/20 21:14:09.662] - eth_getBalance
[2025/03/20 21:14:09.663] - eth_getTransactionCount
[2025/03/20 21:14:09.663] - eth_getBalance
[2025/03/20 21:14:09.664] - eth_getTransactionCount
[2025/03/20 21:14:09.665] - eth_getBalance
[2025/03/20 21:14:09.666] - eth_getTransactionCount
[2025/03/20 21:14:50.334] - eth_unsubscribe
[2025/03/20 21:14:50.336] - eth_unsubscribe
