[2025/03/20 21:19:24.303] - Starting server with initial configuration: {"gasLimit":6721975,"gasPrice":20000000000,"hardfork":"merge","hostname":"127.0.0.1","port":9999,"network_id":5777,"default_balance_ether":100,"total_accounts":5,"unlocked_accounts":[],"locked":false,"vmErrorsOnRPCResponse":true,"verbose":false,"flavor":"ethereum","db_path":"/Users/anurajmaurya/Library/Application Support/Ganache/ui/workspaces/pleadai_blockchain-/chaindata","logDirectory":"/Users/anurajmaurya/Desktop/Cursor Project/backend/contracts/pleadai_blockchain_log"}
[2025/03/20 21:19:24.522] - eth_blockNumber
[2025/03/20 21:19:24.524] - eth_accounts
[2025/03/20 21:19:24.524] - eth_gasPrice
[2025/03/20 21:19:24.528] - eth_getBlockByNumber
[2025/03/20 21:19:24.528] - eth_subscribe
[2025/03/20 21:19:24.534] - eth_blockNumber
[2025/03/20 21:19:24.534] - eth_accounts
[2025/03/20 21:19:24.534] - eth_gasPrice
[2025/03/20 21:19:24.535] - eth_getBlockByNumber
[2025/03/20 21:19:24.535] - eth_subscribe
[2025/03/20 21:19:24.537] - eth_getBalance
[2025/03/20 21:19:24.538] - eth_getTransactionCount
[2025/03/20 21:19:24.539] - eth_getBalance
[2025/03/20 21:19:24.541] - eth_getTransactionCount
[2025/03/20 21:19:24.542] - eth_getBalance
[2025/03/20 21:19:24.542] - eth_getTransactionCount
[2025/03/20 21:19:24.543] - eth_getBalance
[2025/03/20 21:19:24.544] - eth_getTransactionCount
[2025/03/20 21:19:24.545] - eth_getBalance
[2025/03/20 21:19:24.547] - eth_getTransactionCount
[2025/03/20 21:19:24.549] - eth_getBalance
[2025/03/20 21:19:24.549] - eth_getTransactionCount
[2025/03/20 21:19:24.550] - eth_getBalance
[2025/03/20 21:19:24.551] - eth_getTransactionCount
[2025/03/20 21:19:24.552] - eth_getBalance
[2025/03/20 21:19:24.553] - eth_getTransactionCount
[2025/03/20 21:19:24.554] - eth_getBalance
[2025/03/20 21:19:24.555] - eth_getTransactionCount
[2025/03/20 21:19:24.556] - eth_getBalance
[2025/03/20 21:19:24.557] - eth_getTransactionCount
[2025/03/20 21:19:24.575] - eth_getBalance
[2025/03/20 21:19:24.576] - eth_getTransactionCount
[2025/03/20 21:19:24.577] - eth_getBalance
[2025/03/20 21:19:24.578] - eth_getTransactionCount
[2025/03/20 21:19:24.579] - eth_getBalance
[2025/03/20 21:19:24.580] - eth_getTransactionCount
[2025/03/20 21:19:24.580] - eth_getBalance
[2025/03/20 21:19:24.581] - eth_getTransactionCount
[2025/03/20 21:19:24.582] - eth_getBalance
[2025/03/20 21:19:24.583] - eth_getTransactionCount
[2025/03/20 21:19:24.584] - eth_getBalance
[2025/03/20 21:19:24.585] - eth_getTransactionCount
[2025/03/20 21:19:24.586] - eth_getBalance
[2025/03/20 21:19:24.586] - eth_getTransactionCount
[2025/03/20 21:19:24.587] - eth_getBalance
[2025/03/20 21:19:24.588] - eth_getTransactionCount
[2025/03/20 21:19:24.589] - eth_getBalance
[2025/03/20 21:19:24.592] - eth_getTransactionCount
[2025/03/20 21:19:24.593] - eth_getBalance
[2025/03/20 21:19:24.593] - eth_getTransactionCount
[2025/03/20 21:19:25.079] - eth_subscribe
[2025/03/20 21:19:25.079] - eth_getLogs
[2025/03/20 21:19:25.080] - eth_subscribe
[2025/03/20 21:19:25.090] - eth_subscribe
[2025/03/20 21:19:25.090] - eth_getLogs
[2025/03/20 21:19:25.090] - eth_subscribe
[2025/03/20 21:19:26.732] - eth_getBlockByNumber
[2025/03/20 21:19:26.750] - eth_getTransactionReceipt
[2025/03/20 21:19:26.771] - eth_getBlockByNumber
[2025/03/20 21:19:35.929] - eth_unsubscribe
[2025/03/20 21:19:35.932] - eth_unsubscribe
